Array
(
    [cafe_id] => 1
    [name] => KOV Koffie
    [address] => Jl. Sultan Agung No.135, Kaliwiru, Kec. Candisari
    [area] => Ngaliyan
    [description] => A 24-hour cafe with a comfortable ambiance, private meeting rooms, and WiFi, ideal for remote work and business meetings.
    [image_url] => https://via.placeholder.com/300x200?text=KOV+Koffie+1
    [price_range] => 2
    [noise_level] => Quiet
    [avg_visit_length] => 3-5 hours
    [opening_hours] => {"Weekdays":"24 Hour","Weekends":"24 Hour"}
    [featured] => 1
    [menu_link] => https://online.fliphtml5.com/eapbd/sufd/#p=1
    [website] => 
    [link_maps] => https://maps.app.goo.gl/hTMNSsio1qFkVmzKA
    [instagram] => 
    [amenities] => ["High-Speed WiFi","Power Outlets","Air Conditioning","Coffee","Snacks","Meeting Room","Outdoor Seating"]
    [tags] => ["24 Hour","Cozy","WFC","Instagrammable"]
    [promo] => [{"id":"promo-1","title":"Work From KOV","description":"Get 20% off on coffee and snacks when you work at KOV Koffie for 4+ hours!","valid_until":"2025-05-25","icon":"laptop"},{"id":"promo-2","title":"Midnight Brew","description":"Free refill on selected coffee drinks after 10 PM for night owls!","valid_until":"2025-05-20","icon":"coffee"}]
)
Array
(
)
